#
# There is insufficient memory for the Java Runtime Environment to continue.
# Native memory allocation (malloc) failed to allocate 2073616 bytes for Chunk::new
# Possible reasons:
#   The system is out of physical RAM or swap space
#   In 32 bit mode, the process size limit was hit
# Possible solutions:
#   Reduce memory load on the system
#   Increase physical memory or swap space
#   Check if swap backing store is full
#   Use 64 bit Java on a 64 bit OS
#   Decrease Java heap size (-Xmx/-Xms)
#   Decrease number of Java threads
#   Decrease Java thread stack sizes (-Xss)
#   Set larger code cache with -XX:ReservedCodeCacheSize=
# This output file may be truncated or incomplete.
#
#  Out of Memory Error (allocation.cpp:390), pid=12128, tid=0x0000000000001660
#
# JRE version: OpenJDK Runtime Environment (8.0_152-b02) (build 1.8.0_152-release-1024-b02)
# Java VM: OpenJDK 64-Bit Server VM (25.152-b02 mixed mode windows-amd64 compressed oops)
# Failed to write core dump. Minidumps are not enabled by default on client versions of Windows
#

---------------  T H R E A D  ---------------

Current thread (0x0000000018ce2000):  JavaThread "C2 CompilerThread1" daemon [_thread_in_native, id=5728, stack(0x000000001a540000,0x000000001a640000)]

Stack: [0x000000001a540000,0x000000001a640000]
[error occurred during error reporting (printing stack bounds), id 0xc0000005]

Native frames: (J=compiled Java code, j=interpreted, Vv=VM code, C=native code)


Current CompileTask:
C2:   4423 1811   !   4       java.net.URLClassLoader$1::run (63 bytes)


---------------  P R O C E S S  ---------------

Java Threads: ( => current thread )
  0x000000001c086800 JavaThread "Cache worker for file hash cache (D:\Android\DemoDatabase\.gradle\4.4\fileHashes)" [_thread_blocked, id=10404, stack(0x000000001ea80000,0x000000001eb80000)]
  0x000000001beae000 JavaThread "File lock request listener" [_thread_in_native, id=9292, stack(0x000000001d890000,0x000000001d990000)]
  0x000000001c063000 JavaThread "Cache worker for file hash cache (C:\Users\16023022\.gradle\caches\4.4\fileHashes)" [_thread_blocked, id=664, stack(0x000000001d790000,0x000000001d890000)]
  0x000000001bd97800 JavaThread "Stdin handler" [_thread_blocked, id=10880, stack(0x000000001d490000,0x000000001d590000)]
  0x000000001bdba000 JavaThread "Asynchronous log dispatcher for DefaultDaemonConnection: socket connection from /127.0.0.1:52680 to /127.0.0.1:52681" [_thread_blocked, id=14252, stack(0x000000001d390000,0x000000001d490000)]
  0x000000001bdb7800 JavaThread "Daemon worker" [_thread_blocked, id=9552, stack(0x000000001d290000,0x000000001d390000)]
  0x000000001bdb5800 JavaThread "Cancel handler" [_thread_blocked, id=9580, stack(0x000000001d190000,0x000000001d290000)]
  0x000000001baa4800 JavaThread "Handler for socket connection from /127.0.0.1:52680 to /127.0.0.1:52681" [_thread_in_native, id=5836, stack(0x000000001ce90000,0x000000001cf90000)]
  0x000000001ba9f000 JavaThread "Daemon" [_thread_blocked, id=13756, stack(0x000000001cd90000,0x000000001ce90000)]
  0x000000001ba6f800 JavaThread "Daemon periodic checks" [_thread_blocked, id=8948, stack(0x000000001cc90000,0x000000001cd90000)]
  0x000000001ba6e800 JavaThread "Incoming local TCP Connector on port 52680" [_thread_in_native, id=9084, stack(0x000000001ca50000,0x000000001cb50000)]
  0x0000000018d3d000 JavaThread "Service Thread" daemon [_thread_blocked, id=12516, stack(0x000000001ab40000,0x000000001ac40000)]
  0x0000000018ce5000 JavaThread "C1 CompilerThread2" daemon [_thread_blocked, id=9728, stack(0x000000001a640000,0x000000001a740000)]
=>0x0000000018ce2000 JavaThread "C2 CompilerThread1" daemon [_thread_in_native, id=5728, stack(0x000000001a540000,0x000000001a640000)]
  0x0000000018cdc800 JavaThread "C2 CompilerThread0" daemon [_thread_in_native, id=5216, stack(0x000000001a440000,0x000000001a540000)]
  0x0000000018cda800 JavaThread "Attach Listener" daemon [_thread_blocked, id=8776, stack(0x000000001a340000,0x000000001a440000)]
  0x0000000018cd9000 JavaThread "Signal Dispatcher" daemon [_thread_blocked, id=13640, stack(0x000000001a240000,0x000000001a340000)]
  0x0000000005368800 JavaThread "Finalizer" daemon [_thread_blocked, id=1304, stack(0x0000000019f50000,0x000000001a050000)]
  0x0000000005363000 JavaThread "Reference Handler" daemon [_thread_blocked, id=14516, stack(0x0000000019e50000,0x0000000019f50000)]
  0x000000000516d800 JavaThread "main" [_thread_blocked, id=2704, stack(0x0000000005170000,0x0000000005270000)]

Other Threads:
  0x0000000018ca5000 VMThread [stack: 0x0000000019d50000,0x0000000019e50000] [id=14140]
  0x0000000018d3d800 WatcherThread [stack: 0x000000001ac40000,0x000000001ad40000] [id=13232]

VM state:at safepoint (normal execution)

VM Mutex/Monitor currently owned by a thread:  ([mutex/lock_event])
[0x000000000516c7e0] Threads_lock - owner thread: 0x0000000018ca5000
[0x000000000516ce60] Heap_lock - owner thread: 0x000000001bdb7800

Heap:
 PSYoungGen      total 107520K, used 2988K [0x00000000e0000000, 0x00000000e8900000, 0x0000000100000000)
  eden space 104448K, 0% used [0x00000000e0000000,0x00000000e0000000,0x00000000e6600000)
  from space 3072K, 97% used [0x00000000e8600000,0x00000000e88eb3b8,0x00000000e8900000)
  to   space 8192K, 0% used [0x00000000e7900000,0x00000000e7900000,0x00000000e8100000)
 ParOldGen       total 35840K, used 9163K [0x00000000a0000000, 0x00000000a2300000, 0x00000000e0000000)
  object space 35840K, 25% used [0x00000000a0000000,0x00000000a08f2c28,0x00000000a2300000)
 Metaspace       used 23345K, capacity 23760K, committed 23936K, reserved 1073152K
  class space    used 3187K, capacity 3335K, committed 3456K, reserved 1048576K

Card table byte_map: [0x0000000014730000,0x0000000014a40000] byte_map_base: 0x0000000014230000

Marking Bits: (ParMarkBitMap*) 0x000000006daf4970
 Begin Bits: [0x0000000015040000, 0x0000000016840000)
 End Bits:   [0x0000000016840000, 0x0000000018040000)

Polling page: 0x0000000003250000

CodeCache: size=245760Kb used=7669Kb max_used=7669Kb free=238090Kb
 bounds [0x0000000005370000, 0x0000000005b00000, 0x0000000014370000]
 total_blobs=2552 nmethods=1923 adapters=542
 compilation: enabled

Compilation events (10 events):
Event: 4.373 Thread 0x0000000018ce5000 1926       3       sun.reflect.generics.parser.SignatureParser::parseFieldTypeSignature (6 bytes)
Event: 4.373 Thread 0x0000000018ce5000 nmethod 1926 0x0000000005aee910 code [0x0000000005aeea80, 0x0000000005aeec08]
Event: 4.373 Thread 0x0000000018ce5000 1927       3       sun.reflect.generics.parser.SignatureParser::parseFieldTypeSignature (73 bytes)
Event: 4.373 Thread 0x0000000018ce5000 nmethod 1927 0x0000000005aeec90 code [0x0000000005aeeea0, 0x0000000005aef4a8]
Event: 4.392 Thread 0x0000000018ce5000 1928       3       java.lang.Long::bitCount (61 bytes)
Event: 4.392 Thread 0x0000000018ce5000 nmethod 1928 0x0000000005aef810 code [0x0000000005aef960, 0x0000000005aefb10]
Event: 4.395 Thread 0x0000000018ce5000 1930       3       com.google.common.base.Preconditions::checkPositionIndex (8 bytes)
Event: 4.395 Thread 0x0000000018ce5000 nmethod 1930 0x0000000005aefb90 code [0x0000000005aefd20, 0x0000000005af0018]
Event: 4.395 Thread 0x0000000018ce5000 1931       3       com.google.common.base.Preconditions::checkPositionIndex (25 bytes)
Event: 4.396 Thread 0x0000000018ce5000 nmethod 1931 0x0000000005af0190 code [0x0000000005af0300, 0x0000000005af0598]

GC Heap History (10 events):
Event: 2.636 GC heap after
Heap after GC invocations=5 (full 0):
 PSYoungGen      total 35328K, used 2544K [0x00000000e0000000, 0x00000000e4d00000, 0x0000000100000000)
  eden space 32768K, 0% used [0x00000000e0000000,0x00000000e0000000,0x00000000e2000000)
  from space 2560K, 99% used [0x00000000e2000000,0x00000000e227c010,0x00000000e2280000)
  to   space 6656K, 0% used [0x00000000e4680000,0x00000000e4680000,0x00000000e4d00000)
 ParOldGen       total 44032K, used 6736K [0x00000000a0000000, 0x00000000a2b00000, 0x00000000e0000000)
  object space 44032K, 15% used [0x00000000a0000000,0x00000000a0694230,0x00000000a2b00000)
 Metaspace       used 14414K, capacity 14694K, committed 14976K, reserved 1062912K
  class space    used 2012K, capacity 2123K, committed 2176K, reserved 1048576K
}
Event: 3.492 GC heap before
{Heap before GC invocations=6 (full 0):
 PSYoungGen      total 35328K, used 35312K [0x00000000e0000000, 0x00000000e4d00000, 0x0000000100000000)
  eden space 32768K, 100% used [0x00000000e0000000,0x00000000e2000000,0x00000000e2000000)
  from space 2560K, 99% used [0x00000000e2000000,0x00000000e227c010,0x00000000e2280000)
  to   space 6656K, 0% used [0x00000000e4680000,0x00000000e4680000,0x00000000e4d00000)
 ParOldGen       total 44032K, used 6736K [0x00000000a0000000, 0x00000000a2b00000, 0x00000000e0000000)
  object space 44032K, 15% used [0x00000000a0000000,0x00000000a0694230,0x00000000a2b00000)
 Metaspace       used 17602K, capacity 17952K, committed 18048K, reserved 1064960K
  class space    used 2537K, capacity 2686K, committed 2688K, reserved 1048576K
Event: 3.506 GC heap after
Heap after GC invocations=6 (full 0):
 PSYoungGen      total 71168K, used 6646K [0x00000000e0000000, 0x00000000e4f00000, 0x0000000100000000)
  eden space 64512K, 0% used [0x00000000e0000000,0x00000000e0000000,0x00000000e3f00000)
  from space 6656K, 99% used [0x00000000e4680000,0x00000000e4cfd830,0x00000000e4d00000)
  to   space 7680K, 0% used [0x00000000e3f00000,0x00000000e3f00000,0x00000000e4680000)
 ParOldGen       total 44032K, used 6736K [0x00000000a0000000, 0x00000000a2b00000, 0x00000000e0000000)
  object space 44032K, 15% used [0x00000000a0000000,0x00000000a0694230,0x00000000a2b00000)
 Metaspace       used 17602K, capacity 17952K, committed 18048K, reserved 1064960K
  class space    used 2537K, capacity 2686K, committed 2688K, reserved 1048576K
}
Event: 3.758 GC heap before
{Heap before GC invocations=7 (full 0):
 PSYoungGen      total 71168K, used 20717K [0x00000000e0000000, 0x00000000e4f00000, 0x0000000100000000)
  eden space 64512K, 21% used [0x00000000e0000000,0x00000000e0dbddd8,0x00000000e3f00000)
  from space 6656K, 99% used [0x00000000e4680000,0x00000000e4cfd830,0x00000000e4d00000)
  to   space 7680K, 0% used [0x00000000e3f00000,0x00000000e3f00000,0x00000000e4680000)
 ParOldGen       total 44032K, used 6736K [0x00000000a0000000, 0x00000000a2b00000, 0x00000000e0000000)
  object space 44032K, 15% used [0x00000000a0000000,0x00000000a0694230,0x00000000a2b00000)
 Metaspace       used 20803K, capacity 21184K, committed 21248K, reserved 1067008K
  class space    used 2903K, capacity 3038K, committed 3072K, reserved 1048576K
Event: 3.766 GC heap after
Heap after GC invocations=7 (full 0):
 PSYoungGen      total 72192K, used 5751K [0x00000000e0000000, 0x00000000e8e00000, 0x0000000100000000)
  eden space 64512K, 0% used [0x00000000e0000000,0x00000000e0000000,0x00000000e3f00000)
  from space 7680K, 74% used [0x00000000e3f00000,0x00000000e449dfe8,0x00000000e4680000)
  to   space 8192K, 0% used [0x00000000e8600000,0x00000000e8600000,0x00000000e8e00000)
 ParOldGen       total 44032K, used 7418K [0x00000000a0000000, 0x00000000a2b00000, 0x00000000e0000000)
  object space 44032K, 16% used [0x00000000a0000000,0x00000000a073e808,0x00000000a2b00000)
 Metaspace       used 20803K, capacity 21184K, committed 21248K, reserved 1067008K
  class space    used 2903K, capacity 3038K, committed 3072K, reserved 1048576K
}
Event: 3.766 GC heap before
{Heap before GC invocations=8 (full 1):
 PSYoungGen      total 72192K, used 5751K [0x00000000e0000000, 0x00000000e8e00000, 0x0000000100000000)
  eden space 64512K, 0% used [0x00000000e0000000,0x00000000e0000000,0x00000000e3f00000)
  from space 7680K, 74% used [0x00000000e3f00000,0x00000000e449dfe8,0x00000000e4680000)
  to   space 8192K, 0% used [0x00000000e8600000,0x00000000e8600000,0x00000000e8e00000)
 ParOldGen       total 44032K, used 7418K [0x00000000a0000000, 0x00000000a2b00000, 0x00000000e0000000)
  object space 44032K, 16% used [0x00000000a0000000,0x00000000a073e808,0x00000000a2b00000)
 Metaspace       used 20803K, capacity 21184K, committed 21248K, reserved 1067008K
  class space    used 2903K, capacity 3038K, committed 3072K, reserved 1048576K
Event: 3.808 GC heap after
Heap after GC invocations=8 (full 1):
 PSYoungGen      total 72192K, used 0K [0x00000000e0000000, 0x00000000e8e00000, 0x0000000100000000)
  eden space 64512K, 0% used [0x00000000e0000000,0x00000000e0000000,0x00000000e3f00000)
  from space 7680K, 0% used [0x00000000e3f00000,0x00000000e3f00000,0x00000000e4680000)
  to   space 8192K, 0% used [0x00000000e8600000,0x00000000e8600000,0x00000000e8e00000)
 ParOldGen       total 35840K, used 9155K [0x00000000a0000000, 0x00000000a2300000, 0x00000000e0000000)
  object space 35840K, 25% used [0x00000000a0000000,0x00000000a08f0c28,0x00000000a2300000)
 Metaspace       used 20803K, capacity 21184K, committed 21248K, reserved 1067008K
  class space    used 2903K, capacity 3038K, committed 3072K, reserved 1048576K
}
Event: 4.400 GC heap before
{Heap before GC invocations=9 (full 1):
 PSYoungGen      total 72192K, used 25443K [0x00000000e0000000, 0x00000000e8e00000, 0x0000000100000000)
  eden space 64512K, 39% used [0x00000000e0000000,0x00000000e18d8c48,0x00000000e3f00000)
  from space 7680K, 0% used [0x00000000e3f00000,0x00000000e3f00000,0x00000000e4680000)
  to   space 8192K, 0% used [0x00000000e8600000,0x00000000e8600000,0x00000000e8e00000)
 ParOldGen       total 35840K, used 9155K [0x00000000a0000000, 0x00000000a2300000, 0x00000000e0000000)
  object space 35840K, 25% used [0x00000000a0000000,0x00000000a08f0c28,0x00000000a2300000)
 Metaspace       used 23345K, capacity 23760K, committed 23936K, reserved 1073152K
  class space    used 3187K, capacity 3335K, committed 3456K, reserved 1048576K
Event: 4.412 GC heap after
Heap after GC invocations=9 (full 1):
 PSYoungGen      total 107520K, used 2988K [0x00000000e0000000, 0x00000000e8900000, 0x0000000100000000)
  eden space 104448K, 0% used [0x00000000e0000000,0x00000000e0000000,0x00000000e6600000)
  from space 3072K, 97% used [0x00000000e8600000,0x00000000e88eb3b8,0x00000000e8900000)
  to   space 8192K, 0% used [0x00000000e7900000,0x00000000e7900000,0x00000000e8100000)
 ParOldGen       total 35840K, used 9163K [0x00000000a0000000, 0x00000000a2300000, 0x00000000e0000000)
  object space 35840K, 25% used [0x00000000a0000000,0x00000000a08f2c28,0x00000000a2300000)
 Metaspace       used 23345K, capacity 23760K, committed 23936K, reserved 1073152K
  class space    used 3187K, capacity 3335K, committed 3456K, reserved 1048576K
}
Event: 4.412 GC heap before
{Heap before GC invocations=10 (full 2):
 PSYoungGen      total 107520K, used 2988K [0x00000000e0000000, 0x00000000e8900000, 0x0000000100000000)
  eden space 104448K, 0% used [0x00000000e0000000,0x00000000e0000000,0x00000000e6600000)
  from space 3072K, 97% used [0x00000000e8600000,0x00000000e88eb3b8,0x00000000e8900000)
  to   space 8192K, 0% used [0x00000000e7900000,0x00000000e7900000,0x00000000e8100000)
 ParOldGen       total 35840K, used 9163K [0x00000000a0000000, 0x00000000a2300000, 0x00000000e0000000)
  object space 35840K, 25% used [0x00000000a0000000,0x00000000a08f2c28,0x00000000a2300000)
 Metaspace       used 23345K, capacity 23760K, committed 23936K, reserved 1073152K
  class space    used 3187K, capacity 3335K, committed 3456K, reserved 1048576K

Deoptimization events (10 events):
Event: 3.372 Thread 0x000000001bdb7800 Uncommon trap: reason=bimorphic action=maybe_recompile pc=0x00000000057ed4c4 method=java.lang.ClassLoader.loadClass(Ljava/lang/String;Z)Ljava/lang/Class; @ 38
Event: 3.372 Thread 0x000000001bdb7800 Uncommon trap: reason=bimorphic action=maybe_recompile pc=0x00000000057ed4c4 method=java.lang.ClassLoader.loadClass(Ljava/lang/String;Z)Ljava/lang/Class; @ 38
Event: 3.878 Thread 0x000000001bdb7800 Uncommon trap: reason=unstable_if action=reinterpret pc=0x0000000005643cc8 method=java.lang.AbstractStringBuilder.append(Ljava/lang/String;)Ljava/lang/AbstractStringBuilder; @ 1
Event: 3.878 Thread 0x000000001bdb7800 Uncommon trap: reason=unstable_if action=reinterpret pc=0x0000000005586c70 method=java.lang.AbstractStringBuilder.append(Ljava/lang/String;)Ljava/lang/AbstractStringBuilder; @ 1
Event: 3.929 Thread 0x000000001bdb7800 Uncommon trap: reason=class_check action=maybe_recompile pc=0x000000000553bb80 method=sun.misc.URLClassPath.getLoader(I)Lsun/misc/URLClassPath$Loader; @ 94
Event: 3.929 Thread 0x000000001bdb7800 Uncommon trap: reason=class_check action=maybe_recompile pc=0x00000000058bffbc method=sun.misc.URLClassPath.getResource(Ljava/lang/String;Z)Lsun/misc/Resource; @ 62
Event: 3.967 Thread 0x000000001bdb7800 Uncommon trap: reason=unstable_if action=reinterpret pc=0x0000000005978240 method=java.lang.ClassLoader.getClassLoadingLock(Ljava/lang/String;)Ljava/lang/Object; @ 6
Event: 3.973 Thread 0x000000001bdb7800 Uncommon trap: reason=class_check action=maybe_recompile pc=0x000000000553bd24 method=sun.misc.URLClassPath.getLoader(I)Lsun/misc/URLClassPath$Loader; @ 239
Event: 4.005 Thread 0x000000001bdb7800 Uncommon trap: reason=class_check action=maybe_recompile pc=0x000000000553bd24 method=sun.misc.URLClassPath.getLoader(I)Lsun/misc/URLClassPath$Loader; @ 239
Event: 4.345 Thread 0x000000001bdb7800 Uncommon trap: reason=unstable_if action=reinterpret pc=0x000000000577847c method=java.util.HashMap.hash(Ljava/lang/Object;)I @ 1

Classes redefined (0 events):
No events

Internal exceptions (10 events):
Event: 4.099 Thread 0x000000001bdb7800 Exception <a 'java/lang/ClassNotFoundException': org/gradle/initialization/DefaultSettingsBeanInfo> (0x00000000e0d5bbf0) thrown at [D:\src\AOSP-openjdk-cygwin\jdk8u\hotspot\src\share\vm\classfile\systemDictionary.cpp, line 210]
Event: 4.103 Thread 0x000000001bdb7800 Exception <a 'java/lang/ClassNotFoundException': org/gradle/api/internal/project/AbstractPluginAwareBeanInfo> (0x00000000e0d833b0) thrown at [D:\src\AOSP-openjdk-cygwin\jdk8u\hotspot\src\share\vm\classfile\systemDictionary.cpp, line 210]
Event: 4.104 Thread 0x000000001bdb7800 Exception <a 'java/lang/ClassNotFoundException': org/gradle/api/internal/project/AbstractPluginAwareCustomizer> (0x00000000e0dab4d8) thrown at [D:\src\AOSP-openjdk-cygwin\jdk8u\hotspot\src\share\vm\classfile\systemDictionary.cpp, line 210]
Event: 4.107 Thread 0x000000001bdb7800 Exception <a 'java/lang/ClassNotFoundException': org/gradle/initialization/DefaultSettingsCustomizer> (0x00000000e0dd7288) thrown at [D:\src\AOSP-openjdk-cygwin\jdk8u\hotspot\src\share\vm\classfile\systemDictionary.cpp, line 210]
Event: 4.118 Thread 0x000000001bdb7800 Exception <a 'java/lang/ClassNotFoundException': org/gradle/initialization/DefaultSettings_DecoratedCustomizer> (0x00000000e0e33238) thrown at [D:\src\AOSP-openjdk-cygwin\jdk8u\hotspot\src\share\vm\classfile\systemDictionary.cpp, line 210]
Event: 4.129 Thread 0x000000001bdb7800 Exception <a 'java/lang/NoSuchMethodError': <clinit>> (0x00000000e0ee7318) thrown at [D:\src\AOSP-openjdk-cygwin\jdk8u\hotspot\src\share\vm\prims\jni.cpp, line 1613]
Event: 4.132 Thread 0x000000001bdb7800 Exception <a 'java/lang/NoSuchMethodError': <clinit>> (0x00000000e0f0cba0) thrown at [D:\src\AOSP-openjdk-cygwin\jdk8u\hotspot\src\share\vm\prims\jni.cpp, line 1613]
Event: 4.132 Thread 0x000000001bdb7800 Exception <a 'java/lang/NoSuchMethodError': <clinit>> (0x00000000e0f0e058) thrown at [D:\src\AOSP-openjdk-cygwin\jdk8u\hotspot\src\share\vm\prims\jni.cpp, line 1613]
Event: 4.132 Thread 0x000000001bdb7800 Exception <a 'java/lang/NoSuchMethodError': <clinit>> (0x00000000e0f0fdb8) thrown at [D:\src\AOSP-openjdk-cygwin\jdk8u\hotspot\src\share\vm\prims\jni.cpp, line 1613]
Event: 4.345 Thread 0x000000001bdb7800 Implicit null exception at 0x0000000005778295 to 0x000000000577846d

Events (10 events):
Event: 4.398 loading class org/gradle/model/internal/manage/binding/StructMethodImplementationBinding done
Event: 4.398 loading class org/gradle/model/internal/manage/binding/StructMethodBinding
Event: 4.398 loading class org/gradle/model/internal/manage/binding/StructMethodBinding done
Event: 4.399 loading class org/gradle/model/internal/manage/binding/AbstractStructMethodBinding
Event: 4.399 loading class org/gradle/model/internal/manage/binding/AbstractStructMethodBinding done
Event: 4.399 loading class org/gradle/model/internal/manage/binding/BridgeMethodBinding
Event: 4.399 loading class org/gradle/model/internal/manage/binding/BridgeMethodBinding done
Event: 4.399 loading class org/gradle/model/internal/manage/binding/AbstractDelegationBinding
Event: 4.399 loading class org/gradle/model/internal/manage/binding/AbstractDelegationBinding done
Event: 4.400 Executing VM operation: CollectForMetadataAllocation


Dynamic libraries:
0x00007ff7d78c0000 - 0x00007ff7d78f1000 	D:\Android\Android Studio\jre\bin\java.exe
0x00007ffc049d0000 - 0x00007ffc04bb0000 	C:\WINDOWS\SYSTEM32\ntdll.dll
0x00007ffc048f0000 - 0x00007ffc0499e000 	C:\WINDOWS\System32\KERNEL32.DLL
0x00007ffc00e20000 - 0x00007ffc01086000 	C:\WINDOWS\System32\KERNELBASE.dll
0x000000006e240000 - 0x000000006e2c9000 	C:\WINDOWS\System32\SYSFER.DLL
0x00007ffc04840000 - 0x00007ffc048e1000 	C:\WINDOWS\System32\ADVAPI32.dll
0x00007ffc029c0000 - 0x00007ffc02a5d000 	C:\WINDOWS\System32\msvcrt.dll
0x00007ffc02b70000 - 0x00007ffc02bcb000 	C:\WINDOWS\System32\sechost.dll
0x00007ffc02f40000 - 0x00007ffc0305f000 	C:\WINDOWS\System32\RPCRT4.dll
0x00007ffc03060000 - 0x00007ffc031ef000 	C:\WINDOWS\System32\USER32.dll
0x00007ffc01c30000 - 0x00007ffc01c50000 	C:\WINDOWS\System32\win32u.dll
0x00007ffc03220000 - 0x00007ffc03248000 	C:\WINDOWS\System32\GDI32.dll
0x00007ffc01940000 - 0x00007ffc01ad3000 	C:\WINDOWS\System32\gdi32full.dll
0x00007ffc01b90000 - 0x00007ffc01c2b000 	C:\WINDOWS\System32\msvcp_win.dll
0x00007ffc01090000 - 0x00007ffc01186000 	C:\WINDOWS\System32\ucrtbase.dll
0x00007ffbf0630000 - 0x00007ffbf0899000 	C:\WINDOWS\WinSxS\amd64_microsoft.windows.common-controls_6595b64144ccf1df_6.0.16299.371_none_15c7d1789365a290\COMCTL32.dll
0x00007ffc02000000 - 0x00007ffc02308000 	C:\WINDOWS\System32\combase.dll
0x00007ffc01e20000 - 0x00007ffc01e92000 	C:\WINDOWS\System32\bcryptPrimitives.dll
0x00007ffc031f0000 - 0x00007ffc0321d000 	C:\WINDOWS\System32\IMM32.DLL
0x000000006d170000 - 0x000000006d242000 	D:\Android\Android Studio\jre\jre\bin\msvcr100.dll
0x000000006d330000 - 0x000000006db6f000 	D:\Android\Android Studio\jre\jre\bin\server\jvm.dll
0x00007ffc02bd0000 - 0x00007ffc02bd8000 	C:\WINDOWS\System32\PSAPI.DLL
0x00007ffbf8910000 - 0x00007ffbf8919000 	C:\WINDOWS\SYSTEM32\WSOCK32.dll
0x00007ffc02d30000 - 0x00007ffc02d9c000 	C:\WINDOWS\System32\WS2_32.dll
0x00007ffbfd280000 - 0x00007ffbfd2a3000 	C:\WINDOWS\SYSTEM32\WINMM.dll
0x00007ffbff320000 - 0x00007ffbff32a000 	C:\WINDOWS\SYSTEM32\VERSION.dll
0x00007ffbfd1e0000 - 0x00007ffbfd20a000 	C:\WINDOWS\SYSTEM32\WINMMBASE.dll
0x00007ffc00dd0000 - 0x00007ffc00e1a000 	C:\WINDOWS\System32\cfgmgr32.dll
0x00007ffbedab0000 - 0x00007ffbedabf000 	D:\Android\Android Studio\jre\jre\bin\verify.dll
0x00007ffbebc30000 - 0x00007ffbebc59000 	D:\Android\Android Studio\jre\jre\bin\java.dll
0x00007ffbe4470000 - 0x00007ffbe4486000 	D:\Android\Android Studio\jre\jre\bin\zip.dll
0x00007ffc033a0000 - 0x00007ffc047d6000 	C:\WINDOWS\System32\SHELL32.dll
0x00007ffc02310000 - 0x00007ffc023b6000 	C:\WINDOWS\System32\shcore.dll
0x00007ffc011f0000 - 0x00007ffc01937000 	C:\WINDOWS\System32\windows.storage.dll
0x00007ffc01ea0000 - 0x00007ffc01ef1000 	C:\WINDOWS\System32\shlwapi.dll
0x00007ffc00db0000 - 0x00007ffc00dc1000 	C:\WINDOWS\System32\kernel.appcore.dll
0x00007ffc00d40000 - 0x00007ffc00d8c000 	C:\WINDOWS\System32\powrprof.dll
0x00007ffc00d20000 - 0x00007ffc00d3b000 	C:\WINDOWS\System32\profapi.dll
0x00007ffbe4450000 - 0x00007ffbe446a000 	D:\Android\Android Studio\jre\jre\bin\net.dll
0x00007ffc005b0000 - 0x00007ffc00616000 	C:\WINDOWS\system32\mswsock.dll
0x00007ffbe13a0000 - 0x00007ffbe13b1000 	D:\Android\Android Studio\jre\jre\bin\nio.dll
0x00007ffbf1460000 - 0x00007ffbf147e000 	C:\Users\16023022\.gradle\native\25\windows-amd64\native-platform.dll
0x00007ffbed980000 - 0x00007ffbed98d000 	D:\Android\Android Studio\jre\jre\bin\management.dll
0x00007ffc00770000 - 0x00007ffc00787000 	C:\WINDOWS\SYSTEM32\CRYPTSP.dll
0x00007ffc001b0000 - 0x00007ffc001e3000 	C:\WINDOWS\system32\rsaenh.dll
0x00007ffc00880000 - 0x00007ffc008a5000 	C:\WINDOWS\SYSTEM32\bcrypt.dll
0x00007ffc00c50000 - 0x00007ffc00c79000 	C:\WINDOWS\SYSTEM32\USERENV.dll
0x00007ffc00790000 - 0x00007ffc0079b000 	C:\WINDOWS\SYSTEM32\CRYPTBASE.dll
0x00007ffc00340000 - 0x00007ffc00379000 	C:\WINDOWS\SYSTEM32\IPHLPAPI.DLL
0x00007ffc02990000 - 0x00007ffc02998000 	C:\WINDOWS\System32\NSI.dll
0x00007ffbfbe80000 - 0x00007ffbfbe96000 	C:\WINDOWS\SYSTEM32\dhcpcsvc6.DLL
0x00007ffbfb4f0000 - 0x00007ffbfb50a000 	C:\WINDOWS\SYSTEM32\dhcpcsvc.DLL

VM Arguments:
jvm_args: -Xmx1536m -Dfile.encoding=windows-1252 -Duser.country=SG -Duser.language=en -Duser.variant 
java_command: org.gradle.launcher.daemon.bootstrap.GradleDaemon 4.4
java_class_path (initial): C:\Users\16023022\.gradle\wrapper\dists\gradle-4.4-all\9br9xq1tocpiv8o6njlyu5op1\gradle-4.4\lib\gradle-launcher-4.4.jar
Launcher Type: SUN_STANDARD

Environment Variables:
PATH=C:\ProgramData\Oracle\Java\javapath;C:\Program Files (x86)\Python35-32\Scripts\;C:\Program Files (x86)\Python35-32\;C:\Program Files (x86)\Intel\iCLS Client\;C:\Program Files\Intel\iCLS Client\;C:\WINDOWS\system32;C:\WINDOWS;C:\WINDOWS\System32\Wbem;C:\WINDOWS\System32\WindowsPowerShell\v1.0\;C:\Program Files\Intel\Intel(R) Management Engine Components\DAL;C:\Program Files (x86)\Intel\Intel(R) Management Engine Components\DAL;C:\Program Files\Intel\Intel(R) Management Engine Components\IPT;C:\Program Files (x86)\Intel\Intel(R) Management Engine Components\IPT;C:\Users\16023022\AppData\Local\Microsoft\WindowsApps;
USERNAME=16023022
OS=Windows_NT
PROCESSOR_IDENTIFIER=Intel64 Family 6 Model 58 Stepping 9, GenuineIntel



---------------  S Y S T E M  ---------------

OS: Windows 10.0 , 64 bit Build 16299 (10.0.16299.15)

CPU:total 4 (initial active 4) (2 cores per cpu, 2 threads per core) family 6 model 58 stepping 9, cmov, cx8, fxsr, mmx, sse, sse2, sse3, ssse3, sse4.1, sse4.2, popcnt, avx, aes, clmul, erms, ht, tsc, tscinvbit, tscinv

Memory: 4k page, physical 4098760k(597992k free), swap 7183456k(7644k free)

vm_info: OpenJDK 64-Bit Server VM (25.152-b02) for windows-amd64 JRE (1.8.0_152-release-1024-b02), built by "builder" with MS VC++ 10.0 (VS2010)

time: Mon May 14 12:40:22 2018
elapsed time: 4 seconds (0d 0h 0m 4s)

